{"name":"testLoginValidUser","status":"broken","statusDetails":{"known":false,"muted":false,"flaky":false,"message":"org/openqa/selenium/WrapsElement","trace":"java.lang.NoClassDefFoundError: org/openqa/selenium/WrapsElement\n\tat org.openqa.selenium.support.pagefactory.DefaultFieldDecorator.proxyForLocator(DefaultFieldDecorator.java:101)\n\tat org.openqa.selenium.support.pagefactory.DefaultFieldDecorator.decorate(DefaultFieldDecorator.java:62)\n\tat org.openqa.selenium.support.PageFactory.proxyFields(PageFactory.java:113)\n\tat org.openqa.selenium.support.PageFactory.initElements(PageFactory.java:105)\n\tat org.openqa.selenium.support.PageFactory.initElements(PageFactory.java:92)\n\tat org.openqa.selenium.support.PageFactory.initElements(PageFactory.java:79)\n\tat pages.LoginPage.<init>(LoginPage.java:23)\n\tat webtests.GenericWebTest.openWebApp_aroundBody2(GenericWebTest.java:35)\n\tat webtests.GenericWebTest$AjcClosure3.run(GenericWebTest.java:1)\n\tat org.aspectj.runtime.reflect.JoinPointImpl.proceed(JoinPointImpl.java:149)\n\tat io.qameta.allure.aspects.StepsAspects.step(StepsAspects.java:50)\n\tat webtests.GenericWebTest.openWebApp(GenericWebTest.java:34)\n\tat webtests.LoginValidUser.testLoginValidUser(LoginValidUser.java:27)\n\tat sun.reflect.NativeMethodAccessorImpl.invoke0(Native Method)\n\tat sun.reflect.NativeMethodAccessorImpl.invoke(NativeMethodAccessorImpl.java:62)\n\tat sun.reflect.DelegatingMethodAccessorImpl.invoke(DelegatingMethodAccessorImpl.java:43)\n\tat java.lang.reflect.Method.invoke(Method.java:498)\n\tat org.testng.internal.MethodInvocationHelper.invokeMethod(MethodInvocationHelper.java:108)\n\tat org.testng.internal.Invoker.invokeMethod(Invoker.java:661)\n\tat org.testng.internal.Invoker.invokeTestMethod(Invoker.java:869)\n\tat org.testng.internal.Invoker.invokeTestMethods(Invoker.java:1193)\n\tat org.testng.internal.TestMethodWorker.invokeTestMethods(TestMethodWorker.java:126)\n\tat org.testng.internal.TestMethodWorker.run(TestMethodWorker.java:109)\n\tat org.testng.TestRunner.privateRun(TestRunner.java:744)\n\tat org.testng.TestRunner.run(TestRunner.java:602)\n\tat org.testng.SuiteRunner.runTest(SuiteRunner.java:380)\n\tat org.testng.SuiteRunner.runSequentially(SuiteRunner.java:375)\n\tat org.testng.SuiteRunner.privateRun(SuiteRunner.java:340)\n\tat org.testng.SuiteRunner.run(SuiteRunner.java:289)\n\tat org.testng.SuiteRunnerWorker.runSuite(SuiteRunnerWorker.java:52)\n\tat org.testng.SuiteRunnerWorker.run(SuiteRunnerWorker.java:86)\n\tat org.testng.TestNG.runSuitesSequentially(TestNG.java:1301)\n\tat org.testng.TestNG.runSuitesLocally(TestNG.java:1226)\n\tat org.testng.TestNG.runSuites(TestNG.java:1144)\n\tat org.testng.TestNG.run(TestNG.java:1115)\n\tat org.testng.IDEARemoteTestNG.run(IDEARemoteTestNG.java:73)\n\tat org.testng.RemoteTestNGStarter.main(RemoteTestNGStarter.java:123)\nCaused by: java.lang.ClassNotFoundException: org.openqa.selenium.WrapsElement\n\tat java.net.URLClassLoader.findClass(URLClassLoader.java:382)\n\tat java.lang.ClassLoader.loadClass(ClassLoader.java:424)\n\tat sun.misc.Launcher$AppClassLoader.loadClass(Launcher.java:349)\n\tat java.lang.ClassLoader.loadClass(ClassLoader.java:357)\n\t... 37 more\n"},"stage":"finished","steps":[{"name":"Open Web app","status":"broken","statusDetails":{"known":false,"muted":false,"flaky":false,"message":"org/openqa/selenium/WrapsElement","trace":"java.lang.NoClassDefFoundError: org/openqa/selenium/WrapsElement\n\tat org.openqa.selenium.support.pagefactory.DefaultFieldDecorator.proxyForLocator(DefaultFieldDecorator.java:101)\n\tat org.openqa.selenium.support.pagefactory.DefaultFieldDecorator.decorate(DefaultFieldDecorator.java:62)\n\tat org.openqa.selenium.support.PageFactory.proxyFields(PageFactory.java:113)\n\tat org.openqa.selenium.support.PageFactory.initElements(PageFactory.java:105)\n\tat org.openqa.selenium.support.PageFactory.initElements(PageFactory.java:92)\n\tat org.openqa.selenium.support.PageFactory.initElements(PageFactory.java:79)\n\tat pages.LoginPage.<init>(LoginPage.java:23)\n\tat webtests.GenericWebTest.openWebApp_aroundBody2(GenericWebTest.java:35)\n\tat webtests.GenericWebTest$AjcClosure3.run(GenericWebTest.java:1)\n\tat org.aspectj.runtime.reflect.JoinPointImpl.proceed(JoinPointImpl.java:149)\n\tat io.qameta.allure.aspects.StepsAspects.step(StepsAspects.java:50)\n\tat webtests.GenericWebTest.openWebApp(GenericWebTest.java:34)\n\tat webtests.LoginValidUser.testLoginValidUser(LoginValidUser.java:27)\n\tat sun.reflect.NativeMethodAccessorImpl.invoke0(Native Method)\n\tat sun.reflect.NativeMethodAccessorImpl.invoke(NativeMethodAccessorImpl.java:62)\n\tat sun.reflect.DelegatingMethodAccessorImpl.invoke(DelegatingMethodAccessorImpl.java:43)\n\tat java.lang.reflect.Method.invoke(Method.java:498)\n\tat org.testng.internal.MethodInvocationHelper.invokeMethod(MethodInvocationHelper.java:108)\n\tat org.testng.internal.Invoker.invokeMethod(Invoker.java:661)\n\tat org.testng.internal.Invoker.invokeTestMethod(Invoker.java:869)\n\tat org.testng.internal.Invoker.invokeTestMethods(Invoker.java:1193)\n\tat org.testng.internal.TestMethodWorker.invokeTestMethods(TestMethodWorker.java:126)\n\tat org.testng.internal.TestMethodWorker.run(TestMethodWorker.java:109)\n\tat org.testng.TestRunner.privateRun(TestRunner.java:744)\n\tat org.testng.TestRunner.run(TestRunner.java:602)\n\tat org.testng.SuiteRunner.runTest(SuiteRunner.java:380)\n\tat org.testng.SuiteRunner.runSequentially(SuiteRunner.java:375)\n\tat org.testng.SuiteRunner.privateRun(SuiteRunner.java:340)\n\tat org.testng.SuiteRunner.run(SuiteRunner.java:289)\n\tat org.testng.SuiteRunnerWorker.runSuite(SuiteRunnerWorker.java:52)\n\tat org.testng.SuiteRunnerWorker.run(SuiteRunnerWorker.java:86)\n\tat org.testng.TestNG.runSuitesSequentially(TestNG.java:1301)\n\tat org.testng.TestNG.runSuitesLocally(TestNG.java:1226)\n\tat org.testng.TestNG.runSuites(TestNG.java:1144)\n\tat org.testng.TestNG.run(TestNG.java:1115)\n\tat org.testng.IDEARemoteTestNG.run(IDEARemoteTestNG.java:73)\n\tat org.testng.RemoteTestNGStarter.main(RemoteTestNGStarter.java:123)\nCaused by: java.lang.ClassNotFoundException: org.openqa.selenium.WrapsElement\n\tat java.net.URLClassLoader.findClass(URLClassLoader.java:382)\n\tat java.lang.ClassLoader.loadClass(ClassLoader.java:424)\n\tat sun.misc.Launcher$AppClassLoader.loadClass(Launcher.java:349)\n\tat java.lang.ClassLoader.loadClass(ClassLoader.java:357)\n\t... 37 more\n"},"stage":"finished","steps":[],"attachments":[],"parameters":[{"name":"driver","value":"ChromeDriver: chrome on MAC (af31c7b1777ea3c52eb260b27d12f79f)"},{"name":"url","value":"https://www.saucedemo.com"}],"start":1547053125666,"stop":1547053126933}],"attachments":[],"parameters":[],"start":1547053125663,"stop":1547053126942,"uuid":"035c6577-b030-4072-b1d1-3de6eba1c7c3","historyId":"ab661beb38014cce3ca55b8417aee18a","fullName":"webtests.LoginValidUser.testLoginValidUser","labels":[{"name":"package","value":"webtests.LoginValidUser"},{"name":"testClass","value":"webtests.LoginValidUser"},{"name":"testMethod","value":"testLoginValidUser"},{"name":"parentSuite","value":"Default Suite"},{"name":"suite","value":"NewDemoProgect"},{"name":"subSuite","value":"webtests.LoginValidUser"},{"name":"host","value":"Natalkas-MacBook-Pro.local"},{"name":"thread","value":"48947@Natalkas-MacBook-Pro.local.main(1)"},{"name":"epic","value":"MAIN EPIC"},{"name":"feature","value":"Login"},{"name":"story","value":"RANDOM-1"}],"links":[]}