{"uuid":"ede07030-1e91-4a8d-9431-21c4df41a96c","name":"webtests.LoginValidUser","children":["a19b1d5a-eaef-42d4-940b-c0fa25d21bb9"],"befores":[{"name":"beforeClass","status":"broken","statusDetails":{"known":false,"muted":false,"flaky":false,"message":"The driver executable does not exist: /Users/natalka/Projects/NewDemoProgect/drivers/chromedriver","trace":"java.lang.IllegalStateException: The driver executable does not exist: /Users/natalka/Projects/NewDemoProgect/drivers/chromedriver\n\tat com.google.common.base.Preconditions.checkState(Preconditions.java:518)\n\tat org.openqa.selenium.remote.service.DriverService.checkExecutable(DriverService.java:136)\n\tat org.openqa.selenium.remote.service.DriverService.findExecutable(DriverService.java:131)\n\tat org.openqa.selenium.chrome.ChromeDriverService.access$000(ChromeDriverService.java:32)\n\tat org.openqa.selenium.chrome.ChromeDriverService$Builder.findDefaultExecutable(ChromeDriverService.java:137)\n\tat org.openqa.selenium.remote.service.DriverService$Builder.build(DriverService.java:330)\n\tat org.openqa.selenium.chrome.ChromeDriverService.createDefaultService(ChromeDriverService.java:88)\n\tat org.openqa.selenium.chrome.ChromeDriver.<init>(ChromeDriver.java:124)\n\tat tools.Browser.getDriverByType(Browser.java:17)\n\tat webtests.GenericWebTest.getWebDriver_aroundBody0(GenericWebTest.java:27)\n\tat webtests.GenericWebTest$AjcClosure1.run(GenericWebTest.java:1)\n\tat org.aspectj.runtime.reflect.JoinPointImpl.proceed(JoinPointImpl.java:149)\n\tat io.qameta.allure.aspects.StepsAspects.step(StepsAspects.java:50)\n\tat webtests.GenericWebTest.getWebDriver(GenericWebTest.java:21)\n\tat webtests.LoginValidUser.beforeClass(LoginValidUser.java:25)\n\tat sun.reflect.NativeMethodAccessorImpl.invoke0(Native Method)\n\tat sun.reflect.NativeMethodAccessorImpl.invoke(NativeMethodAccessorImpl.java:62)\n\tat sun.reflect.DelegatingMethodAccessorImpl.invoke(DelegatingMethodAccessorImpl.java:43)\n\tat java.lang.reflect.Method.invoke(Method.java:498)\n\tat org.testng.internal.MethodInvocationHelper.invokeMethod(MethodInvocationHelper.java:108)\n\tat org.testng.internal.Invoker.invokeConfigurationMethod(Invoker.java:523)\n\tat org.testng.internal.Invoker.invokeConfigurations(Invoker.java:224)\n\tat org.testng.internal.Invoker.invokeConfigurations(Invoker.java:146)\n\tat org.testng.internal.TestMethodWorker.invokeBeforeClassMethods(TestMethodWorker.java:166)\n\tat org.testng.internal.TestMethodWorker.run(TestMethodWorker.java:105)\n\tat org.testng.TestRunner.privateRun(TestRunner.java:744)\n\tat org.testng.TestRunner.run(TestRunner.java:602)\n\tat org.testng.SuiteRunner.runTest(SuiteRunner.java:380)\n\tat org.testng.SuiteRunner.runSequentially(SuiteRunner.java:375)\n\tat org.testng.SuiteRunner.privateRun(SuiteRunner.java:340)\n\tat org.testng.SuiteRunner.run(SuiteRunner.java:289)\n\tat org.testng.SuiteRunnerWorker.runSuite(SuiteRunnerWorker.java:52)\n\tat org.testng.SuiteRunnerWorker.run(SuiteRunnerWorker.java:86)\n\tat org.testng.TestNG.runSuitesSequentially(TestNG.java:1301)\n\tat org.testng.TestNG.runSuitesLocally(TestNG.java:1226)\n\tat org.testng.TestNG.runSuites(TestNG.java:1144)\n\tat org.testng.TestNG.run(TestNG.java:1115)\n\tat org.testng.IDEARemoteTestNG.run(IDEARemoteTestNG.java:73)\n\tat org.testng.RemoteTestNGStarter.main(RemoteTestNGStarter.java:123)\n"},"stage":"finished","description":"","steps":[{"name":"Open browser","status":"broken","statusDetails":{"known":false,"muted":false,"flaky":false,"message":"The driver executable does not exist: /Users/natalka/Projects/NewDemoProgect/drivers/chromedriver","trace":"java.lang.IllegalStateException: The driver executable does not exist: /Users/natalka/Projects/NewDemoProgect/drivers/chromedriver\n\tat com.google.common.base.Preconditions.checkState(Preconditions.java:518)\n\tat org.openqa.selenium.remote.service.DriverService.checkExecutable(DriverService.java:136)\n\tat org.openqa.selenium.remote.service.DriverService.findExecutable(DriverService.java:131)\n\tat org.openqa.selenium.chrome.ChromeDriverService.access$000(ChromeDriverService.java:32)\n\tat org.openqa.selenium.chrome.ChromeDriverService$Builder.findDefaultExecutable(ChromeDriverService.java:137)\n\tat org.openqa.selenium.remote.service.DriverService$Builder.build(DriverService.java:330)\n\tat org.openqa.selenium.chrome.ChromeDriverService.createDefaultService(ChromeDriverService.java:88)\n\tat org.openqa.selenium.chrome.ChromeDriver.<init>(ChromeDriver.java:124)\n\tat tools.Browser.getDriverByType(Browser.java:17)\n\tat webtests.GenericWebTest.getWebDriver_aroundBody0(GenericWebTest.java:27)\n\tat webtests.GenericWebTest$AjcClosure1.run(GenericWebTest.java:1)\n\tat org.aspectj.runtime.reflect.JoinPointImpl.proceed(JoinPointImpl.java:149)\n\tat io.qameta.allure.aspects.StepsAspects.step(StepsAspects.java:50)\n\tat webtests.GenericWebTest.getWebDriver(GenericWebTest.java:21)\n\tat webtests.LoginValidUser.beforeClass(LoginValidUser.java:25)\n\tat sun.reflect.NativeMethodAccessorImpl.invoke0(Native Method)\n\tat sun.reflect.NativeMethodAccessorImpl.invoke(NativeMethodAccessorImpl.java:62)\n\tat sun.reflect.DelegatingMethodAccessorImpl.invoke(DelegatingMethodAccessorImpl.java:43)\n\tat java.lang.reflect.Method.invoke(Method.java:498)\n\tat org.testng.internal.MethodInvocationHelper.invokeMethod(MethodInvocationHelper.java:108)\n\tat org.testng.internal.Invoker.invokeConfigurationMethod(Invoker.java:523)\n\tat org.testng.internal.Invoker.invokeConfigurations(Invoker.java:224)\n\tat org.testng.internal.Invoker.invokeConfigurations(Invoker.java:146)\n\tat org.testng.internal.TestMethodWorker.invokeBeforeClassMethods(TestMethodWorker.java:166)\n\tat org.testng.internal.TestMethodWorker.run(TestMethodWorker.java:105)\n\tat org.testng.TestRunner.privateRun(TestRunner.java:744)\n\tat org.testng.TestRunner.run(TestRunner.java:602)\n\tat org.testng.SuiteRunner.runTest(SuiteRunner.java:380)\n\tat org.testng.SuiteRunner.runSequentially(SuiteRunner.java:375)\n\tat org.testng.SuiteRunner.privateRun(SuiteRunner.java:340)\n\tat org.testng.SuiteRunner.run(SuiteRunner.java:289)\n\tat org.testng.SuiteRunnerWorker.runSuite(SuiteRunnerWorker.java:52)\n\tat org.testng.SuiteRunnerWorker.run(SuiteRunnerWorker.java:86)\n\tat org.testng.TestNG.runSuitesSequentially(TestNG.java:1301)\n\tat org.testng.TestNG.runSuitesLocally(TestNG.java:1226)\n\tat org.testng.TestNG.runSuites(TestNG.java:1144)\n\tat org.testng.TestNG.run(TestNG.java:1115)\n\tat org.testng.IDEARemoteTestNG.run(IDEARemoteTestNG.java:73)\n\tat org.testng.RemoteTestNGStarter.main(RemoteTestNGStarter.java:123)\n"},"stage":"finished","steps":[],"attachments":[],"parameters":[],"start":1547036975118,"stop":1547036975276}],"attachments":[],"parameters":[],"start":1547036975078,"stop":1547036975279}],"afters":[],"links":[],"start":1547036975038,"stop":1547036985517}